{"C:\\Users\\kenny\\OneDrive\\Desktop\\proyectoInventario-1\\inventario-backend\\index.js": {"path":"C:\\Users\\kenny\\OneDrive\\Desktop\\proyectoInventario-1\\inventario-backend\\index.js","statementMap":{"0":{"start":{"line":1,"column":16},"end":{"line":1,"column":34}},"1":{"start":{"line":2,"column":13},"end":{"line":2,"column":28}},"2":{"start":{"line":3,"column":17},"end":{"line":3,"column":36}},"3":{"start":{"line":4,"column":15},"end":{"line":4,"column":32}},"4":{"start":{"line":5,"column":19},"end":{"line":5,"column":43}},"5":{"start":{"line":6,"column":24},"end":{"line":6,"column":53}},"6":{"start":{"line":7,"column":27},"end":{"line":7,"column":66}},"7":{"start":{"line":9,"column":0},"end":{"line":9,"column":16}},"8":{"start":{"line":11,"column":12},"end":{"line":11,"column":21}},"9":{"start":{"line":12,"column":13},"end":{"line":12,"column":37}},"10":{"start":{"line":15,"column":23},"end":{"line":18,"column":1}},"11":{"start":{"line":21,"column":0},"end":{"line":30,"column":4}},"12":{"start":{"line":23,"column":8},"end":{"line":27,"column":9}},"13":{"start":{"line":24,"column":12},"end":{"line":24,"column":33}},"14":{"start":{"line":26,"column":12},"end":{"line":26,"column":57}},"15":{"start":{"line":33,"column":0},"end":{"line":40,"column":1}},"16":{"start":{"line":34,"column":4},"end":{"line":39,"column":79}},"17":{"start":{"line":38,"column":20},"end":{"line":38,"column":54}},"18":{"start":{"line":39,"column":26},"end":{"line":39,"column":77}},"19":{"start":{"line":43,"column":0},"end":{"line":43,"column":24}},"20":{"start":{"line":46,"column":0},"end":{"line":46,"column":29}},"21":{"start":{"line":47,"column":0},"end":{"line":47,"column":63}},"22":{"start":{"line":50,"column":0},"end":{"line":52,"column":3}},"23":{"start":{"line":51,"column":4},"end":{"line":51,"column":51}},"24":{"start":{"line":55,"column":0},"end":{"line":61,"column":3}},"25":{"start":{"line":56,"column":4},"end":{"line":58,"column":5}},"26":{"start":{"line":57,"column":8},"end":{"line":57,"column":74}},"27":{"start":{"line":59,"column":4},"end":{"line":59,"column":51}},"28":{"start":{"line":60,"column":4},"end":{"line":60,"column":97}},"29":{"start":{"line":64,"column":0},"end":{"line":68,"column":1}},"30":{"start":{"line":65,"column":4},"end":{"line":67,"column":7}},"31":{"start":{"line":66,"column":8},"end":{"line":66,"column":70}},"32":{"start":{"line":70,"column":0},"end":{"line":70,"column":21}}},"fnMap":{"0":{"name":"(anonymous_0)","decl":{"start":{"line":22,"column":12},"end":{"line":22,"column":13}},"loc":{"start":{"line":22,"column":34},"end":{"line":28,"column":5}},"line":22},"1":{"name":"(anonymous_1)","decl":{"start":{"line":38,"column":14},"end":{"line":38,"column":15}},"loc":{"start":{"line":38,"column":20},"end":{"line":38,"column":54}},"line":38},"2":{"name":"(anonymous_2)","decl":{"start":{"line":39,"column":15},"end":{"line":39,"column":16}},"loc":{"start":{"line":39,"column":26},"end":{"line":39,"column":77}},"line":39},"3":{"name":"(anonymous_3)","decl":{"start":{"line":50,"column":13},"end":{"line":50,"column":14}},"loc":{"start":{"line":50,"column":27},"end":{"line":52,"column":1}},"line":50},"4":{"name":"(anonymous_4)","decl":{"start":{"line":55,"column":8},"end":{"line":55,"column":9}},"loc":{"start":{"line":55,"column":33},"end":{"line":61,"column":1}},"line":55},"5":{"name":"(anonymous_5)","decl":{"start":{"line":65,"column":21},"end":{"line":65,"column":22}},"loc":{"start":{"line":65,"column":27},"end":{"line":67,"column":5}},"line":65}},"branchMap":{"0":{"loc":{"start":{"line":12,"column":13},"end":{"line":12,"column":37}},"type":"binary-expr","locations":[{"start":{"line":12,"column":13},"end":{"line":12,"column":29}},{"start":{"line":12,"column":33},"end":{"line":12,"column":37}}],"line":12},"1":{"loc":{"start":{"line":23,"column":8},"end":{"line":27,"column":9}},"type":"if","locations":[{"start":{"line":23,"column":8},"end":{"line":27,"column":9}},{"start":{"line":25,"column":15},"end":{"line":27,"column":9}}],"line":23},"2":{"loc":{"start":{"line":23,"column":12},"end":{"line":23,"column":54}},"type":"binary-expr","locations":[{"start":{"line":23,"column":12},"end":{"line":23,"column":19}},{"start":{"line":23,"column":23},"end":{"line":23,"column":54}}],"line":23},"3":{"loc":{"start":{"line":33,"column":0},"end":{"line":40,"column":1}},"type":"if","locations":[{"start":{"line":33,"column":0},"end":{"line":40,"column":1}},{"start":{},"end":{}}],"line":33},"4":{"loc":{"start":{"line":34,"column":21},"end":{"line":34,"column":92}},"type":"binary-expr","locations":[{"start":{"line":34,"column":21},"end":{"line":34,"column":44}},{"start":{"line":34,"column":48},"end":{"line":34,"column":92}}],"line":34},"5":{"loc":{"start":{"line":56,"column":4},"end":{"line":58,"column":5}},"type":"if","locations":[{"start":{"line":56,"column":4},"end":{"line":58,"column":5}},{"start":{},"end":{}}],"line":56},"6":{"loc":{"start":{"line":60,"column":15},"end":{"line":60,"column":32}},"type":"binary-expr","locations":[{"start":{"line":60,"column":15},"end":{"line":60,"column":25}},{"start":{"line":60,"column":29},"end":{"line":60,"column":32}}],"line":60},"7":{"loc":{"start":{"line":60,"column":50},"end":{"line":60,"column":93}},"type":"binary-expr","locations":[{"start":{"line":60,"column":50},"end":{"line":60,"column":61}},{"start":{"line":60,"column":65},"end":{"line":60,"column":93}}],"line":60},"8":{"loc":{"start":{"line":64,"column":0},"end":{"line":68,"column":1}},"type":"if","locations":[{"start":{"line":64,"column":0},"end":{"line":68,"column":1}},{"start":{},"end":{}}],"line":64}},"s":{"0":3,"1":3,"2":3,"3":3,"4":3,"5":3,"6":3,"7":3,"8":3,"9":3,"10":3,"11":3,"12":14,"13":13,"14":1,"15":3,"16":0,"17":0,"18":0,"19":3,"20":3,"21":3,"22":3,"23":1,"24":3,"25":1,"26":1,"27":0,"28":0,"29":3,"30":0,"31":0,"32":3},"f":{"0":14,"1":0,"2":0,"3":1,"4":1,"5":0},"b":{"0":[3,3],"1":[13,1],"2":[14,1],"3":[0,3],"4":[0,0],"5":[1,0],"6":[0,0],"7":[0,0],"8":[0,3]},"_coverageSchema":"1a1c01bbd47fc00a2c39e90264f33305004495a9","hash":"e392cdecdd61d07c7334a3ae2319f0167c9b4342"}
,"C:\\Users\\kenny\\OneDrive\\Desktop\\proyectoInventario-1\\inventario-backend\\middlewares\\authMiddleware.js": {"path":"C:\\Users\\kenny\\OneDrive\\Desktop\\proyectoInventario-1\\inventario-backend\\middlewares\\authMiddleware.js","statementMap":{"0":{"start":{"line":1,"column":12},"end":{"line":1,"column":35}},"1":{"start":{"line":2,"column":19},"end":{"line":2,"column":30}},"2":{"start":{"line":5,"column":23},"end":{"line":22,"column":1}},"3":{"start":{"line":6,"column":23},"end":{"line":6,"column":50}},"4":{"start":{"line":7,"column":4},"end":{"line":10,"column":5}},"5":{"start":{"line":8,"column":8},"end":{"line":8,"column":69}},"6":{"start":{"line":9,"column":8},"end":{"line":9,"column":75}},"7":{"start":{"line":12,"column":18},"end":{"line":12,"column":51}},"8":{"start":{"line":13,"column":4},"end":{"line":21,"column":5}},"9":{"start":{"line":14,"column":24},"end":{"line":14,"column":53}},"10":{"start":{"line":15,"column":8},"end":{"line":15,"column":52}},"11":{"start":{"line":16,"column":8},"end":{"line":16,"column":27}},"12":{"start":{"line":17,"column":8},"end":{"line":17,"column":15}},"13":{"start":{"line":19,"column":8},"end":{"line":19,"column":67}},"14":{"start":{"line":20,"column":8},"end":{"line":20,"column":60}},"15":{"start":{"line":25,"column":21},"end":{"line":30,"column":1}},"16":{"start":{"line":25,"column":42},"end":{"line":30,"column":1}},"17":{"start":{"line":26,"column":4},"end":{"line":28,"column":5}},"18":{"start":{"line":27,"column":8},"end":{"line":27,"column":96}},"19":{"start":{"line":29,"column":4},"end":{"line":29,"column":11}},"20":{"start":{"line":32,"column":0},"end":{"line":32,"column":50}}},"fnMap":{"0":{"name":"(anonymous_0)","decl":{"start":{"line":5,"column":23},"end":{"line":5,"column":24}},"loc":{"start":{"line":5,"column":43},"end":{"line":22,"column":1}},"line":5},"1":{"name":"(anonymous_1)","decl":{"start":{"line":25,"column":21},"end":{"line":25,"column":22}},"loc":{"start":{"line":25,"column":42},"end":{"line":30,"column":1}},"line":25},"2":{"name":"(anonymous_2)","decl":{"start":{"line":25,"column":42},"end":{"line":25,"column":43}},"loc":{"start":{"line":25,"column":62},"end":{"line":30,"column":1}},"line":25}},"branchMap":{"0":{"loc":{"start":{"line":7,"column":4},"end":{"line":10,"column":5}},"type":"if","locations":[{"start":{"line":7,"column":4},"end":{"line":10,"column":5}},{"start":{},"end":{}}],"line":7},"1":{"loc":{"start":{"line":26,"column":4},"end":{"line":28,"column":5}},"type":"if","locations":[{"start":{"line":26,"column":4},"end":{"line":28,"column":5}},{"start":{},"end":{}}],"line":26},"2":{"loc":{"start":{"line":26,"column":8},"end":{"line":26,"column":61}},"type":"binary-expr","locations":[{"start":{"line":26,"column":8},"end":{"line":26,"column":17}},{"start":{"line":26,"column":21},"end":{"line":26,"column":61}}],"line":26}},"s":{"0":4,"1":4,"2":4,"3":5,"4":5,"5":1,"6":1,"7":4,"8":4,"9":4,"10":3,"11":3,"12":3,"13":1,"14":1,"15":4,"16":10,"17":2,"18":1,"19":1,"20":4},"f":{"0":5,"1":10,"2":2},"b":{"0":[1,4],"1":[1,1],"2":[2,2]},"_coverageSchema":"1a1c01bbd47fc00a2c39e90264f33305004495a9","hash":"8026c32b7e8bb78d1e9092f671a265b93e8d3b8e"}
,"C:\\Users\\kenny\\OneDrive\\Desktop\\proyectoInventario-1\\inventario-backend\\models\\Producto.js": {"path":"C:\\Users\\kenny\\OneDrive\\Desktop\\proyectoInventario-1\\inventario-backend\\models\\Producto.js","statementMap":{"0":{"start":{"line":1,"column":17},"end":{"line":1,"column":36}},"1":{"start":{"line":3,"column":23},"end":{"line":10,"column":2}},"2":{"start":{"line":12,"column":0},"end":{"line":12,"column":60}}},"fnMap":{},"branchMap":{},"s":{"0":4,"1":4,"2":4},"f":{},"b":{},"_coverageSchema":"1a1c01bbd47fc00a2c39e90264f33305004495a9","hash":"2a6b4b672f37262e869387db16ed825d1581ad28"}
,"C:\\Users\\kenny\\OneDrive\\Desktop\\proyectoInventario-1\\inventario-backend\\models\\usuario.js": {"path":"C:\\Users\\kenny\\OneDrive\\Desktop\\proyectoInventario-1\\inventario-backend\\models\\usuario.js","statementMap":{"0":{"start":{"line":1,"column":17},"end":{"line":1,"column":36}},"1":{"start":{"line":3,"column":22},"end":{"line":8,"column":2}},"2":{"start":{"line":10,"column":0},"end":{"line":10,"column":58}}},"fnMap":{},"branchMap":{},"s":{"0":4,"1":4,"2":4},"f":{},"b":{},"_coverageSchema":"1a1c01bbd47fc00a2c39e90264f33305004495a9","hash":"e7f25d9bdef0ba809488c729dc0ab474a00e836e"}
,"C:\\Users\\kenny\\OneDrive\\Desktop\\proyectoInventario-1\\inventario-backend\\routes\\auth.js": {"path":"C:\\Users\\kenny\\OneDrive\\Desktop\\proyectoInventario-1\\inventario-backend\\routes\\auth.js","statementMap":{"0":{"start":{"line":1,"column":16},"end":{"line":1,"column":34}},"1":{"start":{"line":2,"column":35},"end":{"line":2,"column":63}},"2":{"start":{"line":3,"column":12},"end":{"line":3,"column":35}},"3":{"start":{"line":4,"column":16},"end":{"line":4,"column":44}},"4":{"start":{"line":5,"column":15},"end":{"line":5,"column":31}},"5":{"start":{"line":7,"column":19},"end":{"line":7,"column":30}},"6":{"start":{"line":10,"column":23},"end":{"line":24,"column":1}},"7":{"start":{"line":11,"column":23},"end":{"line":11,"column":48}},"8":{"start":{"line":12,"column":4},"end":{"line":14,"column":5}},"9":{"start":{"line":13,"column":8},"end":{"line":13,"column":76}},"10":{"start":{"line":16,"column":18},"end":{"line":16,"column":42}},"11":{"start":{"line":17,"column":4},"end":{"line":23,"column":5}},"12":{"start":{"line":18,"column":24},"end":{"line":18,"column":53}},"13":{"start":{"line":19,"column":8},"end":{"line":19,"column":27}},"14":{"start":{"line":20,"column":8},"end":{"line":20,"column":15}},"15":{"start":{"line":22,"column":8},"end":{"line":22,"column":69}},"16":{"start":{"line":26,"column":23},"end":{"line":31,"column":1}},"17":{"start":{"line":27,"column":4},"end":{"line":29,"column":5}},"18":{"start":{"line":28,"column":8},"end":{"line":28,"column":103}},"19":{"start":{"line":30,"column":4},"end":{"line":30,"column":11}},"20":{"start":{"line":34,"column":0},"end":{"line":36,"column":3}},"21":{"start":{"line":35,"column":4},"end":{"line":35,"column":75}},"22":{"start":{"line":39,"column":0},"end":{"line":67,"column":2}},"23":{"start":{"line":47,"column":23},"end":{"line":47,"column":44}},"24":{"start":{"line":48,"column":8},"end":{"line":50,"column":9}},"25":{"start":{"line":49,"column":12},"end":{"line":49,"column":68}},"26":{"start":{"line":52,"column":50},"end":{"line":52,"column":58}},"27":{"start":{"line":53,"column":8},"end":{"line":65,"column":9}},"28":{"start":{"line":54,"column":37},"end":{"line":54,"column":69}},"29":{"start":{"line":55,"column":12},"end":{"line":57,"column":13}},"30":{"start":{"line":56,"column":16},"end":{"line":56,"column":82}},"31":{"start":{"line":59,"column":28},"end":{"line":59,"column":94}},"32":{"start":{"line":60,"column":12},"end":{"line":60,"column":33}},"33":{"start":{"line":62,"column":12},"end":{"line":62,"column":79}},"34":{"start":{"line":64,"column":12},"end":{"line":64,"column":61}},"35":{"start":{"line":70,"column":0},"end":{"line":95,"column":2}},"36":{"start":{"line":77,"column":23},"end":{"line":77,"column":44}},"37":{"start":{"line":78,"column":8},"end":{"line":80,"column":9}},"38":{"start":{"line":79,"column":12},"end":{"line":79,"column":68}},"39":{"start":{"line":82,"column":36},"end":{"line":82,"column":44}},"40":{"start":{"line":83,"column":8},"end":{"line":93,"column":9}},"41":{"start":{"line":84,"column":28},"end":{"line":84,"column":60}},"42":{"start":{"line":85,"column":12},"end":{"line":87,"column":13}},"43":{"start":{"line":86,"column":16},"end":{"line":86,"column":86}},"44":{"start":{"line":89,"column":26},"end":{"line":89,"column":108}},"45":{"start":{"line":90,"column":12},"end":{"line":90,"column":32}},"46":{"start":{"line":92,"column":12},"end":{"line":92,"column":61}},"47":{"start":{"line":97,"column":0},"end":{"line":97,"column":24}}},"fnMap":{"0":{"name":"(anonymous_0)","decl":{"start":{"line":10,"column":23},"end":{"line":10,"column":24}},"loc":{"start":{"line":10,"column":43},"end":{"line":24,"column":1}},"line":10},"1":{"name":"(anonymous_1)","decl":{"start":{"line":26,"column":23},"end":{"line":26,"column":24}},"loc":{"start":{"line":26,"column":43},"end":{"line":31,"column":1}},"line":26},"2":{"name":"(anonymous_2)","decl":{"start":{"line":34,"column":53},"end":{"line":34,"column":54}},"loc":{"start":{"line":34,"column":67},"end":{"line":36,"column":1}},"line":34},"3":{"name":"(anonymous_3)","decl":{"start":{"line":46,"column":4},"end":{"line":46,"column":5}},"loc":{"start":{"line":46,"column":24},"end":{"line":66,"column":5}},"line":46},"4":{"name":"(anonymous_4)","decl":{"start":{"line":76,"column":4},"end":{"line":76,"column":5}},"loc":{"start":{"line":76,"column":24},"end":{"line":94,"column":5}},"line":76}},"branchMap":{"0":{"loc":{"start":{"line":12,"column":4},"end":{"line":14,"column":5}},"type":"if","locations":[{"start":{"line":12,"column":4},"end":{"line":14,"column":5}},{"start":{},"end":{}}],"line":12},"1":{"loc":{"start":{"line":27,"column":4},"end":{"line":29,"column":5}},"type":"if","locations":[{"start":{"line":27,"column":4},"end":{"line":29,"column":5}},{"start":{},"end":{}}],"line":27},"2":{"loc":{"start":{"line":48,"column":8},"end":{"line":50,"column":9}},"type":"if","locations":[{"start":{"line":48,"column":8},"end":{"line":50,"column":9}},{"start":{},"end":{}}],"line":48},"3":{"loc":{"start":{"line":55,"column":12},"end":{"line":57,"column":13}},"type":"if","locations":[{"start":{"line":55,"column":12},"end":{"line":57,"column":13}},{"start":{},"end":{}}],"line":55},"4":{"loc":{"start":{"line":59,"column":73},"end":{"line":59,"column":91}},"type":"binary-expr","locations":[{"start":{"line":59,"column":73},"end":{"line":59,"column":77}},{"start":{"line":59,"column":81},"end":{"line":59,"column":91}}],"line":59},"5":{"loc":{"start":{"line":78,"column":8},"end":{"line":80,"column":9}},"type":"if","locations":[{"start":{"line":78,"column":8},"end":{"line":80,"column":9}},{"start":{},"end":{}}],"line":78},"6":{"loc":{"start":{"line":85,"column":12},"end":{"line":87,"column":13}},"type":"if","locations":[{"start":{"line":85,"column":12},"end":{"line":87,"column":13}},{"start":{},"end":{}}],"line":85},"7":{"loc":{"start":{"line":85,"column":16},"end":{"line":85,"column":57}},"type":"binary-expr","locations":[{"start":{"line":85,"column":16},"end":{"line":85,"column":24}},{"start":{"line":85,"column":28},"end":{"line":85,"column":57}}],"line":85}},"s":{"0":3,"1":3,"2":3,"3":3,"4":3,"5":3,"6":3,"7":2,"8":2,"9":0,"10":2,"11":2,"12":2,"13":2,"14":2,"15":0,"16":3,"17":2,"18":1,"19":1,"20":3,"21":1,"22":3,"23":2,"24":2,"25":0,"26":2,"27":2,"28":2,"29":2,"30":1,"31":1,"32":1,"33":1,"34":0,"35":3,"36":2,"37":2,"38":0,"39":2,"40":2,"41":2,"42":2,"43":1,"44":1,"45":1,"46":0,"47":3},"f":{"0":2,"1":2,"2":1,"3":2,"4":2},"b":{"0":[0,2],"1":[1,1],"2":[0,2],"3":[1,1],"4":[1,0],"5":[0,2],"6":[1,1],"7":[2,1]},"_coverageSchema":"1a1c01bbd47fc00a2c39e90264f33305004495a9","hash":"dbc3a1c3f03ac3a142c9dbb5771b842dfe117eff"}
,"C:\\Users\\kenny\\OneDrive\\Desktop\\proyectoInventario-1\\inventario-backend\\routes\\productos.js": {"path":"C:\\Users\\kenny\\OneDrive\\Desktop\\proyectoInventario-1\\inventario-backend\\routes\\productos.js","statementMap":{"0":{"start":{"line":1,"column":16},"end":{"line":1,"column":34}},"1":{"start":{"line":2,"column":42},"end":{"line":2,"column":70}},"2":{"start":{"line":3,"column":17},"end":{"line":3,"column":36}},"3":{"start":{"line":4,"column":15},"end":{"line":4,"column":31}},"4":{"start":{"line":5,"column":17},"end":{"line":5,"column":46}},"5":{"start":{"line":6,"column":41},"end":{"line":6,"column":81}},"6":{"start":{"line":9,"column":25},"end":{"line":15,"column":1}},"7":{"start":{"line":17,"column":25},"end":{"line":19,"column":1}},"8":{"start":{"line":18,"column":34},"end":{"line":18,"column":72}},"9":{"start":{"line":22,"column":0},"end":{"line":38,"column":3}},"10":{"start":{"line":23,"column":19},"end":{"line":23,"column":40}},"11":{"start":{"line":24,"column":4},"end":{"line":26,"column":5}},"12":{"start":{"line":25,"column":8},"end":{"line":25,"column":64}},"13":{"start":{"line":28,"column":4},"end":{"line":37,"column":5}},"14":{"start":{"line":29,"column":25},"end":{"line":29,"column":47}},"15":{"start":{"line":30,"column":30},"end":{"line":30,"column":51}},"16":{"start":{"line":31,"column":8},"end":{"line":34,"column":11}},"17":{"start":{"line":36,"column":8},"end":{"line":36,"column":83}},"18":{"start":{"line":41,"column":0},"end":{"line":48,"column":3}},"19":{"start":{"line":42,"column":4},"end":{"line":47,"column":5}},"20":{"start":{"line":43,"column":26},"end":{"line":43,"column":47}},"21":{"start":{"line":44,"column":8},"end":{"line":44,"column":28}},"22":{"start":{"line":46,"column":8},"end":{"line":46,"column":80}},"23":{"start":{"line":51,"column":0},"end":{"line":69,"column":3}},"24":{"start":{"line":52,"column":19},"end":{"line":52,"column":40}},"25":{"start":{"line":53,"column":4},"end":{"line":55,"column":5}},"26":{"start":{"line":54,"column":8},"end":{"line":54,"column":64}},"27":{"start":{"line":57,"column":4},"end":{"line":68,"column":5}},"28":{"start":{"line":58,"column":36},"end":{"line":58,"column":108}},"29":{"start":{"line":59,"column":8},"end":{"line":61,"column":9}},"30":{"start":{"line":60,"column":12},"end":{"line":60,"column":80}},"31":{"start":{"line":62,"column":8},"end":{"line":65,"column":11}},"32":{"start":{"line":67,"column":8},"end":{"line":67,"column":86}},"33":{"start":{"line":72,"column":0},"end":{"line":87,"column":3}},"34":{"start":{"line":73,"column":19},"end":{"line":73,"column":40}},"35":{"start":{"line":74,"column":4},"end":{"line":76,"column":5}},"36":{"start":{"line":75,"column":8},"end":{"line":75,"column":64}},"37":{"start":{"line":78,"column":4},"end":{"line":86,"column":5}},"38":{"start":{"line":79,"column":34},"end":{"line":79,"column":81}},"39":{"start":{"line":80,"column":8},"end":{"line":82,"column":9}},"40":{"start":{"line":81,"column":12},"end":{"line":81,"column":80}},"41":{"start":{"line":83,"column":8},"end":{"line":83,"column":75}},"42":{"start":{"line":85,"column":8},"end":{"line":85,"column":84}},"43":{"start":{"line":89,"column":0},"end":{"line":89,"column":24}}},"fnMap":{"0":{"name":"(anonymous_0)","decl":{"start":{"line":18,"column":23},"end":{"line":18,"column":24}},"loc":{"start":{"line":18,"column":34},"end":{"line":18,"column":72}},"line":18},"1":{"name":"(anonymous_1)","decl":{"start":{"line":22,"column":76},"end":{"line":22,"column":77}},"loc":{"start":{"line":22,"column":96},"end":{"line":38,"column":1}},"line":22},"2":{"name":"(anonymous_2)","decl":{"start":{"line":41,"column":32},"end":{"line":41,"column":33}},"loc":{"start":{"line":41,"column":52},"end":{"line":48,"column":1}},"line":41},"3":{"name":"(anonymous_3)","decl":{"start":{"line":51,"column":104},"end":{"line":51,"column":105}},"loc":{"start":{"line":51,"column":124},"end":{"line":69,"column":1}},"line":51},"4":{"name":"(anonymous_4)","decl":{"start":{"line":72,"column":81},"end":{"line":72,"column":82}},"loc":{"start":{"line":72,"column":101},"end":{"line":87,"column":1}},"line":72}},"branchMap":{"0":{"loc":{"start":{"line":24,"column":4},"end":{"line":26,"column":5}},"type":"if","locations":[{"start":{"line":24,"column":4},"end":{"line":26,"column":5}},{"start":{},"end":{}}],"line":24},"1":{"loc":{"start":{"line":53,"column":4},"end":{"line":55,"column":5}},"type":"if","locations":[{"start":{"line":53,"column":4},"end":{"line":55,"column":5}},{"start":{},"end":{}}],"line":53},"2":{"loc":{"start":{"line":59,"column":8},"end":{"line":61,"column":9}},"type":"if","locations":[{"start":{"line":59,"column":8},"end":{"line":61,"column":9}},{"start":{},"end":{}}],"line":59},"3":{"loc":{"start":{"line":74,"column":4},"end":{"line":76,"column":5}},"type":"if","locations":[{"start":{"line":74,"column":4},"end":{"line":76,"column":5}},{"start":{},"end":{}}],"line":74},"4":{"loc":{"start":{"line":80,"column":8},"end":{"line":82,"column":9}},"type":"if","locations":[{"start":{"line":80,"column":8},"end":{"line":82,"column":9}},{"start":{},"end":{}}],"line":80}},"s":{"0":3,"1":3,"2":3,"3":3,"4":3,"5":3,"6":3,"7":3,"8":0,"9":3,"10":0,"11":0,"12":0,"13":0,"14":0,"15":0,"16":0,"17":0,"18":3,"19":0,"20":0,"21":0,"22":0,"23":3,"24":0,"25":0,"26":0,"27":0,"28":0,"29":0,"30":0,"31":0,"32":0,"33":3,"34":0,"35":0,"36":0,"37":0,"38":0,"39":0,"40":0,"41":0,"42":0,"43":3},"f":{"0":0,"1":0,"2":0,"3":0,"4":0},"b":{"0":[0,0],"1":[0,0],"2":[0,0],"3":[0,0],"4":[0,0]},"_coverageSchema":"1a1c01bbd47fc00a2c39e90264f33305004495a9","hash":"41d84217635ca2e0738da1fbcccc00178ee4a8cf"}
}
