{"C:\\Users\\kenny\\OneDrive\\Desktop\\proyectoInventario-1\\inventario-backend\\index.js": {"path":"C:\\Users\\kenny\\OneDrive\\Desktop\\proyectoInventario-1\\inventario-backend\\index.js","statementMap":{"0":{"start":{"line":1,"column":16},"end":{"line":1,"column":34}},"1":{"start":{"line":2,"column":13},"end":{"line":2,"column":28}},"2":{"start":{"line":3,"column":17},"end":{"line":3,"column":36}},"3":{"start":{"line":4,"column":15},"end":{"line":4,"column":32}},"4":{"start":{"line":5,"column":19},"end":{"line":5,"column":43}},"5":{"start":{"line":6,"column":24},"end":{"line":6,"column":53}},"6":{"start":{"line":7,"column":27},"end":{"line":7,"column":66}},"7":{"start":{"line":9,"column":0},"end":{"line":9,"column":16}},"8":{"start":{"line":11,"column":12},"end":{"line":11,"column":21}},"9":{"start":{"line":12,"column":13},"end":{"line":12,"column":37}},"10":{"start":{"line":15,"column":0},"end":{"line":15,"column":34}},"11":{"start":{"line":18,"column":23},"end":{"line":21,"column":1}},"12":{"start":{"line":24,"column":0},"end":{"line":37,"column":2}},"13":{"start":{"line":27,"column":12},"end":{"line":33,"column":13}},"14":{"start":{"line":28,"column":16},"end":{"line":28,"column":37}},"15":{"start":{"line":29,"column":19},"end":{"line":33,"column":13}},"16":{"start":{"line":30,"column":16},"end":{"line":30,"column":37}},"17":{"start":{"line":32,"column":16},"end":{"line":32,"column":61}},"18":{"start":{"line":40,"column":0},"end":{"line":51,"column":1}},"19":{"start":{"line":41,"column":4},"end":{"line":50,"column":11}},"20":{"start":{"line":46,"column":20},"end":{"line":46,"column":54}},"21":{"start":{"line":48,"column":12},"end":{"line":48,"column":64}},"22":{"start":{"line":49,"column":12},"end":{"line":49,"column":28}},"23":{"start":{"line":54,"column":0},"end":{"line":54,"column":24}},"24":{"start":{"line":57,"column":0},"end":{"line":63,"column":3}},"25":{"start":{"line":58,"column":4},"end":{"line":61,"column":5}},"26":{"start":{"line":59,"column":8},"end":{"line":59,"column":65}},"27":{"start":{"line":60,"column":8},"end":{"line":60,"column":81}},"28":{"start":{"line":62,"column":4},"end":{"line":62,"column":14}},"29":{"start":{"line":66,"column":0},"end":{"line":66,"column":29}},"30":{"start":{"line":67,"column":0},"end":{"line":67,"column":63}},"31":{"start":{"line":70,"column":0},"end":{"line":72,"column":3}},"32":{"start":{"line":71,"column":4},"end":{"line":71,"column":51}},"33":{"start":{"line":75,"column":0},"end":{"line":79,"column":3}},"34":{"start":{"line":76,"column":18},"end":{"line":76,"column":53}},"35":{"start":{"line":77,"column":4},"end":{"line":77,"column":23}},"36":{"start":{"line":78,"column":4},"end":{"line":78,"column":16}},"37":{"start":{"line":82,"column":0},"end":{"line":84,"column":3}},"38":{"start":{"line":83,"column":4},"end":{"line":83,"column":60}},"39":{"start":{"line":87,"column":0},"end":{"line":93,"column":3}},"40":{"start":{"line":88,"column":4},"end":{"line":90,"column":5}},"41":{"start":{"line":89,"column":8},"end":{"line":89,"column":74}},"42":{"start":{"line":91,"column":4},"end":{"line":91,"column":51}},"43":{"start":{"line":92,"column":4},"end":{"line":92,"column":97}},"44":{"start":{"line":96,"column":0},"end":{"line":100,"column":1}},"45":{"start":{"line":97,"column":4},"end":{"line":99,"column":7}},"46":{"start":{"line":98,"column":8},"end":{"line":98,"column":70}},"47":{"start":{"line":102,"column":0},"end":{"line":102,"column":21}}},"fnMap":{"0":{"name":"(anonymous_0)","decl":{"start":{"line":26,"column":16},"end":{"line":26,"column":17}},"loc":{"start":{"line":26,"column":38},"end":{"line":34,"column":9}},"line":26},"1":{"name":"(anonymous_1)","decl":{"start":{"line":46,"column":14},"end":{"line":46,"column":15}},"loc":{"start":{"line":46,"column":20},"end":{"line":46,"column":54}},"line":46},"2":{"name":"(anonymous_2)","decl":{"start":{"line":47,"column":15},"end":{"line":47,"column":16}},"loc":{"start":{"line":47,"column":26},"end":{"line":50,"column":9}},"line":47},"3":{"name":"(anonymous_3)","decl":{"start":{"line":57,"column":8},"end":{"line":57,"column":9}},"loc":{"start":{"line":57,"column":33},"end":{"line":63,"column":1}},"line":57},"4":{"name":"(anonymous_4)","decl":{"start":{"line":70,"column":13},"end":{"line":70,"column":14}},"loc":{"start":{"line":70,"column":27},"end":{"line":72,"column":1}},"line":70},"5":{"name":"(anonymous_5)","decl":{"start":{"line":75,"column":23},"end":{"line":75,"column":24}},"loc":{"start":{"line":75,"column":43},"end":{"line":79,"column":1}},"line":75},"6":{"name":"(anonymous_6)","decl":{"start":{"line":82,"column":8},"end":{"line":82,"column":9}},"loc":{"start":{"line":82,"column":28},"end":{"line":84,"column":1}},"line":82},"7":{"name":"(anonymous_7)","decl":{"start":{"line":87,"column":8},"end":{"line":87,"column":9}},"loc":{"start":{"line":87,"column":33},"end":{"line":93,"column":1}},"line":87},"8":{"name":"(anonymous_8)","decl":{"start":{"line":97,"column":21},"end":{"line":97,"column":22}},"loc":{"start":{"line":97,"column":27},"end":{"line":99,"column":5}},"line":97}},"branchMap":{"0":{"loc":{"start":{"line":12,"column":13},"end":{"line":12,"column":37}},"type":"binary-expr","locations":[{"start":{"line":12,"column":13},"end":{"line":12,"column":29}},{"start":{"line":12,"column":33},"end":{"line":12,"column":37}}],"line":12},"1":{"loc":{"start":{"line":27,"column":12},"end":{"line":33,"column":13}},"type":"if","locations":[{"start":{"line":27,"column":12},"end":{"line":33,"column":13}},{"start":{"line":29,"column":19},"end":{"line":33,"column":13}}],"line":27},"2":{"loc":{"start":{"line":29,"column":19},"end":{"line":33,"column":13}},"type":"if","locations":[{"start":{"line":29,"column":19},"end":{"line":33,"column":13}},{"start":{"line":31,"column":19},"end":{"line":33,"column":13}}],"line":29},"3":{"loc":{"start":{"line":40,"column":0},"end":{"line":51,"column":1}},"type":"if","locations":[{"start":{"line":40,"column":0},"end":{"line":51,"column":1}},{"start":{},"end":{}}],"line":40},"4":{"loc":{"start":{"line":42,"column":17},"end":{"line":42,"column":88}},"type":"binary-expr","locations":[{"start":{"line":42,"column":17},"end":{"line":42,"column":40}},{"start":{"line":42,"column":44},"end":{"line":42,"column":88}}],"line":42},"5":{"loc":{"start":{"line":58,"column":4},"end":{"line":61,"column":5}},"type":"if","locations":[{"start":{"line":58,"column":4},"end":{"line":61,"column":5}},{"start":{},"end":{}}],"line":58},"6":{"loc":{"start":{"line":58,"column":8},"end":{"line":58,"column":73}},"type":"binary-expr","locations":[{"start":{"line":58,"column":8},"end":{"line":58,"column":34}},{"start":{"line":58,"column":38},"end":{"line":58,"column":56}},{"start":{"line":58,"column":60},"end":{"line":58,"column":73}}],"line":58},"7":{"loc":{"start":{"line":88,"column":4},"end":{"line":90,"column":5}},"type":"if","locations":[{"start":{"line":88,"column":4},"end":{"line":90,"column":5}},{"start":{},"end":{}}],"line":88},"8":{"loc":{"start":{"line":92,"column":15},"end":{"line":92,"column":32}},"type":"binary-expr","locations":[{"start":{"line":92,"column":15},"end":{"line":92,"column":25}},{"start":{"line":92,"column":29},"end":{"line":92,"column":32}}],"line":92},"9":{"loc":{"start":{"line":92,"column":50},"end":{"line":92,"column":93}},"type":"binary-expr","locations":[{"start":{"line":92,"column":50},"end":{"line":92,"column":61}},{"start":{"line":92,"column":65},"end":{"line":92,"column":93}}],"line":92},"10":{"loc":{"start":{"line":96,"column":0},"end":{"line":100,"column":1}},"type":"if","locations":[{"start":{"line":96,"column":0},"end":{"line":100,"column":1}},{"start":{},"end":{}}],"line":96}},"s":{"0":5,"1":5,"2":5,"3":5,"4":5,"5":5,"6":5,"7":5,"8":5,"9":5,"10":5,"11":5,"12":5,"13":33,"14":32,"15":1,"16":0,"17":1,"18":5,"19":1,"20":1,"21":0,"22":0,"23":5,"24":5,"25":2,"26":1,"27":1,"28":1,"29":5,"30":5,"31":5,"32":2,"33":5,"34":1,"35":1,"36":1,"37":5,"38":2,"39":5,"40":2,"41":1,"42":1,"43":1,"44":5,"45":1,"46":0,"47":5},"f":{"0":33,"1":1,"2":0,"3":2,"4":2,"5":1,"6":2,"7":2,"8":0},"b":{"0":[5,5],"1":[32,1],"2":[0,1],"3":[1,4],"4":[1,1],"5":[1,1],"6":[2,1,1],"7":[1,1],"8":[1,0],"9":[1,0],"10":[1,4]},"_coverageSchema":"1a1c01bbd47fc00a2c39e90264f33305004495a9","hash":"f45bdccb40f68e0fc8ec6bf896bb9c8ebb897e38"}
,"C:\\Users\\kenny\\OneDrive\\Desktop\\proyectoInventario-1\\inventario-backend\\middlewares\\authMiddleware.js": {"path":"C:\\Users\\kenny\\OneDrive\\Desktop\\proyectoInventario-1\\inventario-backend\\middlewares\\authMiddleware.js","statementMap":{"0":{"start":{"line":1,"column":12},"end":{"line":1,"column":35}},"1":{"start":{"line":2,"column":19},"end":{"line":2,"column":30}},"2":{"start":{"line":5,"column":23},"end":{"line":22,"column":1}},"3":{"start":{"line":6,"column":23},"end":{"line":6,"column":50}},"4":{"start":{"line":7,"column":4},"end":{"line":10,"column":5}},"5":{"start":{"line":8,"column":8},"end":{"line":8,"column":69}},"6":{"start":{"line":9,"column":8},"end":{"line":9,"column":75}},"7":{"start":{"line":12,"column":18},"end":{"line":12,"column":51}},"8":{"start":{"line":13,"column":4},"end":{"line":21,"column":5}},"9":{"start":{"line":14,"column":24},"end":{"line":14,"column":53}},"10":{"start":{"line":15,"column":8},"end":{"line":15,"column":52}},"11":{"start":{"line":16,"column":8},"end":{"line":16,"column":27}},"12":{"start":{"line":17,"column":8},"end":{"line":17,"column":15}},"13":{"start":{"line":19,"column":8},"end":{"line":19,"column":67}},"14":{"start":{"line":20,"column":8},"end":{"line":20,"column":60}},"15":{"start":{"line":25,"column":21},"end":{"line":30,"column":1}},"16":{"start":{"line":25,"column":42},"end":{"line":30,"column":1}},"17":{"start":{"line":26,"column":4},"end":{"line":28,"column":5}},"18":{"start":{"line":27,"column":8},"end":{"line":27,"column":96}},"19":{"start":{"line":29,"column":4},"end":{"line":29,"column":11}},"20":{"start":{"line":32,"column":0},"end":{"line":32,"column":50}}},"fnMap":{"0":{"name":"(anonymous_0)","decl":{"start":{"line":5,"column":23},"end":{"line":5,"column":24}},"loc":{"start":{"line":5,"column":43},"end":{"line":22,"column":1}},"line":5},"1":{"name":"(anonymous_1)","decl":{"start":{"line":25,"column":21},"end":{"line":25,"column":22}},"loc":{"start":{"line":25,"column":42},"end":{"line":30,"column":1}},"line":25},"2":{"name":"(anonymous_2)","decl":{"start":{"line":25,"column":42},"end":{"line":25,"column":43}},"loc":{"start":{"line":25,"column":62},"end":{"line":30,"column":1}},"line":25}},"branchMap":{"0":{"loc":{"start":{"line":7,"column":4},"end":{"line":10,"column":5}},"type":"if","locations":[{"start":{"line":7,"column":4},"end":{"line":10,"column":5}},{"start":{},"end":{}}],"line":7},"1":{"loc":{"start":{"line":26,"column":4},"end":{"line":28,"column":5}},"type":"if","locations":[{"start":{"line":26,"column":4},"end":{"line":28,"column":5}},{"start":{},"end":{}}],"line":26},"2":{"loc":{"start":{"line":26,"column":8},"end":{"line":26,"column":61}},"type":"binary-expr","locations":[{"start":{"line":26,"column":8},"end":{"line":26,"column":17}},{"start":{"line":26,"column":21},"end":{"line":26,"column":61}}],"line":26}},"s":{"0":6,"1":6,"2":6,"3":31,"4":31,"5":1,"6":1,"7":30,"8":30,"9":30,"10":29,"11":29,"12":29,"13":1,"14":1,"15":6,"16":16,"17":12,"18":4,"19":8,"20":6},"f":{"0":31,"1":16,"2":12},"b":{"0":[1,30],"1":[4,8],"2":[12,12]},"_coverageSchema":"1a1c01bbd47fc00a2c39e90264f33305004495a9","hash":"8026c32b7e8bb78d1e9092f671a265b93e8d3b8e"}
,"C:\\Users\\kenny\\OneDrive\\Desktop\\proyectoInventario-1\\inventario-backend\\models\\Producto.js": {"path":"C:\\Users\\kenny\\OneDrive\\Desktop\\proyectoInventario-1\\inventario-backend\\models\\Producto.js","statementMap":{"0":{"start":{"line":1,"column":17},"end":{"line":1,"column":36}},"1":{"start":{"line":3,"column":23},"end":{"line":10,"column":2}},"2":{"start":{"line":12,"column":0},"end":{"line":12,"column":60}}},"fnMap":{},"branchMap":{},"s":{"0":5,"1":5,"2":5},"f":{},"b":{},"_coverageSchema":"1a1c01bbd47fc00a2c39e90264f33305004495a9","hash":"2a6b4b672f37262e869387db16ed825d1581ad28"}
,"C:\\Users\\kenny\\OneDrive\\Desktop\\proyectoInventario-1\\inventario-backend\\models\\usuario.js": {"path":"C:\\Users\\kenny\\OneDrive\\Desktop\\proyectoInventario-1\\inventario-backend\\models\\usuario.js","statementMap":{"0":{"start":{"line":1,"column":17},"end":{"line":1,"column":36}},"1":{"start":{"line":4,"column":22},"end":{"line":9,"column":2}},"2":{"start":{"line":12,"column":16},"end":{"line":12,"column":56}},"3":{"start":{"line":14,"column":0},"end":{"line":14,"column":25}}},"fnMap":{},"branchMap":{},"s":{"0":6,"1":6,"2":6,"3":6},"f":{},"b":{},"_coverageSchema":"1a1c01bbd47fc00a2c39e90264f33305004495a9","hash":"e1f344367c959fdee7c00ccb03a26cf94748a4df"}
,"C:\\Users\\kenny\\OneDrive\\Desktop\\proyectoInventario-1\\inventario-backend\\routes\\auth.js": {"path":"C:\\Users\\kenny\\OneDrive\\Desktop\\proyectoInventario-1\\inventario-backend\\routes\\auth.js","statementMap":{"0":{"start":{"line":1,"column":16},"end":{"line":1,"column":34}},"1":{"start":{"line":2,"column":35},"end":{"line":2,"column":63}},"2":{"start":{"line":3,"column":12},"end":{"line":3,"column":35}},"3":{"start":{"line":4,"column":16},"end":{"line":4,"column":44}},"4":{"start":{"line":5,"column":15},"end":{"line":5,"column":31}},"5":{"start":{"line":7,"column":19},"end":{"line":7,"column":30}},"6":{"start":{"line":10,"column":23},"end":{"line":24,"column":1}},"7":{"start":{"line":11,"column":23},"end":{"line":11,"column":48}},"8":{"start":{"line":12,"column":4},"end":{"line":14,"column":5}},"9":{"start":{"line":13,"column":8},"end":{"line":13,"column":76}},"10":{"start":{"line":16,"column":18},"end":{"line":16,"column":42}},"11":{"start":{"line":17,"column":4},"end":{"line":23,"column":5}},"12":{"start":{"line":18,"column":24},"end":{"line":18,"column":53}},"13":{"start":{"line":19,"column":8},"end":{"line":19,"column":27}},"14":{"start":{"line":20,"column":8},"end":{"line":20,"column":15}},"15":{"start":{"line":22,"column":8},"end":{"line":22,"column":69}},"16":{"start":{"line":26,"column":23},"end":{"line":31,"column":1}},"17":{"start":{"line":27,"column":4},"end":{"line":29,"column":5}},"18":{"start":{"line":28,"column":8},"end":{"line":28,"column":103}},"19":{"start":{"line":30,"column":4},"end":{"line":30,"column":11}},"20":{"start":{"line":34,"column":0},"end":{"line":36,"column":3}},"21":{"start":{"line":35,"column":4},"end":{"line":35,"column":75}},"22":{"start":{"line":39,"column":0},"end":{"line":67,"column":2}},"23":{"start":{"line":47,"column":23},"end":{"line":47,"column":44}},"24":{"start":{"line":48,"column":8},"end":{"line":50,"column":9}},"25":{"start":{"line":49,"column":12},"end":{"line":49,"column":68}},"26":{"start":{"line":52,"column":50},"end":{"line":52,"column":58}},"27":{"start":{"line":53,"column":8},"end":{"line":65,"column":9}},"28":{"start":{"line":54,"column":37},"end":{"line":54,"column":69}},"29":{"start":{"line":55,"column":12},"end":{"line":57,"column":13}},"30":{"start":{"line":56,"column":16},"end":{"line":56,"column":82}},"31":{"start":{"line":59,"column":28},"end":{"line":59,"column":94}},"32":{"start":{"line":60,"column":12},"end":{"line":60,"column":33}},"33":{"start":{"line":62,"column":12},"end":{"line":62,"column":79}},"34":{"start":{"line":64,"column":12},"end":{"line":64,"column":61}},"35":{"start":{"line":70,"column":0},"end":{"line":95,"column":2}},"36":{"start":{"line":77,"column":23},"end":{"line":77,"column":44}},"37":{"start":{"line":78,"column":8},"end":{"line":80,"column":9}},"38":{"start":{"line":79,"column":12},"end":{"line":79,"column":68}},"39":{"start":{"line":82,"column":36},"end":{"line":82,"column":44}},"40":{"start":{"line":83,"column":8},"end":{"line":93,"column":9}},"41":{"start":{"line":84,"column":28},"end":{"line":84,"column":60}},"42":{"start":{"line":85,"column":12},"end":{"line":87,"column":13}},"43":{"start":{"line":86,"column":16},"end":{"line":86,"column":86}},"44":{"start":{"line":89,"column":26},"end":{"line":89,"column":108}},"45":{"start":{"line":90,"column":12},"end":{"line":90,"column":32}},"46":{"start":{"line":92,"column":12},"end":{"line":92,"column":61}},"47":{"start":{"line":97,"column":0},"end":{"line":97,"column":24}}},"fnMap":{"0":{"name":"(anonymous_0)","decl":{"start":{"line":10,"column":23},"end":{"line":10,"column":24}},"loc":{"start":{"line":10,"column":43},"end":{"line":24,"column":1}},"line":10},"1":{"name":"(anonymous_1)","decl":{"start":{"line":26,"column":23},"end":{"line":26,"column":24}},"loc":{"start":{"line":26,"column":43},"end":{"line":31,"column":1}},"line":26},"2":{"name":"(anonymous_2)","decl":{"start":{"line":34,"column":53},"end":{"line":34,"column":54}},"loc":{"start":{"line":34,"column":67},"end":{"line":36,"column":1}},"line":34},"3":{"name":"(anonymous_3)","decl":{"start":{"line":46,"column":4},"end":{"line":46,"column":5}},"loc":{"start":{"line":46,"column":24},"end":{"line":66,"column":5}},"line":46},"4":{"name":"(anonymous_4)","decl":{"start":{"line":76,"column":4},"end":{"line":76,"column":5}},"loc":{"start":{"line":76,"column":24},"end":{"line":94,"column":5}},"line":76}},"branchMap":{"0":{"loc":{"start":{"line":12,"column":4},"end":{"line":14,"column":5}},"type":"if","locations":[{"start":{"line":12,"column":4},"end":{"line":14,"column":5}},{"start":{},"end":{}}],"line":12},"1":{"loc":{"start":{"line":27,"column":4},"end":{"line":29,"column":5}},"type":"if","locations":[{"start":{"line":27,"column":4},"end":{"line":29,"column":5}},{"start":{},"end":{}}],"line":27},"2":{"loc":{"start":{"line":48,"column":8},"end":{"line":50,"column":9}},"type":"if","locations":[{"start":{"line":48,"column":8},"end":{"line":50,"column":9}},{"start":{},"end":{}}],"line":48},"3":{"loc":{"start":{"line":55,"column":12},"end":{"line":57,"column":13}},"type":"if","locations":[{"start":{"line":55,"column":12},"end":{"line":57,"column":13}},{"start":{},"end":{}}],"line":55},"4":{"loc":{"start":{"line":59,"column":73},"end":{"line":59,"column":91}},"type":"binary-expr","locations":[{"start":{"line":59,"column":73},"end":{"line":59,"column":77}},{"start":{"line":59,"column":81},"end":{"line":59,"column":91}}],"line":59},"5":{"loc":{"start":{"line":78,"column":8},"end":{"line":80,"column":9}},"type":"if","locations":[{"start":{"line":78,"column":8},"end":{"line":80,"column":9}},{"start":{},"end":{}}],"line":78},"6":{"loc":{"start":{"line":85,"column":12},"end":{"line":87,"column":13}},"type":"if","locations":[{"start":{"line":85,"column":12},"end":{"line":87,"column":13}},{"start":{},"end":{}}],"line":85},"7":{"loc":{"start":{"line":85,"column":16},"end":{"line":85,"column":57}},"type":"binary-expr","locations":[{"start":{"line":85,"column":16},"end":{"line":85,"column":24}},{"start":{"line":85,"column":28},"end":{"line":85,"column":57}}],"line":85}},"s":{"0":5,"1":5,"2":5,"3":5,"4":5,"5":5,"6":5,"7":4,"8":4,"9":1,"10":3,"11":3,"12":3,"13":2,"14":2,"15":1,"16":5,"17":2,"18":1,"19":1,"20":5,"21":1,"22":5,"23":4,"24":4,"25":1,"26":3,"27":3,"28":3,"29":3,"30":1,"31":2,"32":2,"33":1,"34":1,"35":5,"36":4,"37":4,"38":1,"39":3,"40":3,"41":3,"42":2,"43":1,"44":1,"45":1,"46":1,"47":5},"f":{"0":4,"1":2,"2":1,"3":4,"4":4},"b":{"0":[1,3],"1":[1,1],"2":[1,3],"3":[1,2],"4":[2,0],"5":[1,3],"6":[1,1],"7":[2,1]},"_coverageSchema":"1a1c01bbd47fc00a2c39e90264f33305004495a9","hash":"dbc3a1c3f03ac3a142c9dbb5771b842dfe117eff"}
,"C:\\Users\\kenny\\OneDrive\\Desktop\\proyectoInventario-1\\inventario-backend\\routes\\productos.js": {"path":"C:\\Users\\kenny\\OneDrive\\Desktop\\proyectoInventario-1\\inventario-backend\\routes\\productos.js","statementMap":{"0":{"start":{"line":1,"column":16},"end":{"line":1,"column":34}},"1":{"start":{"line":2,"column":15},"end":{"line":2,"column":31}},"2":{"start":{"line":3,"column":17},"end":{"line":3,"column":46}},"3":{"start":{"line":4,"column":41},"end":{"line":4,"column":81}},"4":{"start":{"line":7,"column":0},"end":{"line":21,"column":3}},"5":{"start":{"line":8,"column":4},"end":{"line":20,"column":5}},"6":{"start":{"line":9,"column":73},"end":{"line":9,"column":81}},"7":{"start":{"line":10,"column":8},"end":{"line":12,"column":9}},"8":{"start":{"line":11,"column":12},"end":{"line":11,"column":111}},"9":{"start":{"line":14,"column":25},"end":{"line":14,"column":47}},"10":{"start":{"line":15,"column":8},"end":{"line":15,"column":30}},"11":{"start":{"line":16,"column":8},"end":{"line":16,"column":81}},"12":{"start":{"line":18,"column":8},"end":{"line":18,"column":57}},"13":{"start":{"line":19,"column":8},"end":{"line":19,"column":91}},"14":{"start":{"line":24,"column":0},"end":{"line":32,"column":3}},"15":{"start":{"line":25,"column":4},"end":{"line":31,"column":5}},"16":{"start":{"line":26,"column":26},"end":{"line":26,"column":47}},"17":{"start":{"line":27,"column":8},"end":{"line":27,"column":28}},"18":{"start":{"line":29,"column":8},"end":{"line":29,"column":60}},"19":{"start":{"line":30,"column":8},"end":{"line":30,"column":94}},"20":{"start":{"line":35,"column":0},"end":{"line":48,"column":3}},"21":{"start":{"line":36,"column":4},"end":{"line":47,"column":5}},"22":{"start":{"line":37,"column":25},"end":{"line":37,"column":63}},"23":{"start":{"line":38,"column":8},"end":{"line":40,"column":9}},"24":{"start":{"line":39,"column":12},"end":{"line":39,"column":95}},"25":{"start":{"line":42,"column":36},"end":{"line":42,"column":108}},"26":{"start":{"line":43,"column":8},"end":{"line":43,"column":95}},"27":{"start":{"line":45,"column":8},"end":{"line":45,"column":62}},"28":{"start":{"line":46,"column":8},"end":{"line":46,"column":96}},"29":{"start":{"line":51,"column":0},"end":{"line":64,"column":3}},"30":{"start":{"line":52,"column":4},"end":{"line":63,"column":5}},"31":{"start":{"line":53,"column":25},"end":{"line":53,"column":63}},"32":{"start":{"line":54,"column":8},"end":{"line":56,"column":9}},"33":{"start":{"line":55,"column":12},"end":{"line":55,"column":93}},"34":{"start":{"line":58,"column":8},"end":{"line":58,"column":56}},"35":{"start":{"line":59,"column":8},"end":{"line":59,"column":62}},"36":{"start":{"line":61,"column":8},"end":{"line":61,"column":60}},"37":{"start":{"line":62,"column":8},"end":{"line":62,"column":94}},"38":{"start":{"line":66,"column":0},"end":{"line":66,"column":24}}},"fnMap":{"0":{"name":"(anonymous_0)","decl":{"start":{"line":7,"column":58},"end":{"line":7,"column":59}},"loc":{"start":{"line":7,"column":78},"end":{"line":21,"column":1}},"line":7},"1":{"name":"(anonymous_1)","decl":{"start":{"line":24,"column":32},"end":{"line":24,"column":33}},"loc":{"start":{"line":24,"column":52},"end":{"line":32,"column":1}},"line":24},"2":{"name":"(anonymous_2)","decl":{"start":{"line":35,"column":60},"end":{"line":35,"column":61}},"loc":{"start":{"line":35,"column":80},"end":{"line":48,"column":1}},"line":35},"3":{"name":"(anonymous_3)","decl":{"start":{"line":51,"column":63},"end":{"line":51,"column":64}},"loc":{"start":{"line":51,"column":83},"end":{"line":64,"column":1}},"line":51}},"branchMap":{"0":{"loc":{"start":{"line":10,"column":8},"end":{"line":12,"column":9}},"type":"if","locations":[{"start":{"line":10,"column":8},"end":{"line":12,"column":9}},{"start":{},"end":{}}],"line":10},"1":{"loc":{"start":{"line":10,"column":12},"end":{"line":10,"column":74}},"type":"binary-expr","locations":[{"start":{"line":10,"column":12},"end":{"line":10,"column":28}},{"start":{"line":10,"column":32},"end":{"line":10,"column":41}},{"start":{"line":10,"column":45},"end":{"line":10,"column":63}},{"start":{"line":10,"column":67},"end":{"line":10,"column":74}}],"line":10},"2":{"loc":{"start":{"line":38,"column":8},"end":{"line":40,"column":9}},"type":"if","locations":[{"start":{"line":38,"column":8},"end":{"line":40,"column":9}},{"start":{},"end":{}}],"line":38},"3":{"loc":{"start":{"line":54,"column":8},"end":{"line":56,"column":9}},"type":"if","locations":[{"start":{"line":54,"column":8},"end":{"line":56,"column":9}},{"start":{},"end":{}}],"line":54}},"s":{"0":5,"1":5,"2":5,"3":5,"4":5,"5":3,"6":3,"7":3,"8":1,"9":2,"10":2,"11":2,"12":0,"13":0,"14":5,"15":3,"16":3,"17":2,"18":1,"19":1,"20":5,"21":2,"22":2,"23":2,"24":1,"25":1,"26":1,"27":0,"28":0,"29":5,"30":2,"31":2,"32":2,"33":1,"34":1,"35":1,"36":0,"37":0,"38":5},"f":{"0":3,"1":3,"2":2,"3":2},"b":{"0":[1,2],"1":[3,2,2,2],"2":[1,1],"3":[1,1]},"_coverageSchema":"1a1c01bbd47fc00a2c39e90264f33305004495a9","hash":"8d4ab9ad71717179cf33398ee5c6ab6ec8bc8320"}
}
