TN:
SF:index.js
FN:26,(anonymous_0)
FN:46,(anonymous_1)
FN:47,(anonymous_2)
FN:57,(anonymous_3)
FN:70,(anonymous_4)
FN:75,(anonymous_5)
FN:82,(anonymous_6)
FN:87,(anonymous_7)
FN:97,(anonymous_8)
FNF:9
FNH:7
FNDA:33,(anonymous_0)
FNDA:1,(anonymous_1)
FNDA:0,(anonymous_2)
FNDA:2,(anonymous_3)
FNDA:2,(anonymous_4)
FNDA:1,(anonymous_5)
FNDA:2,(anonymous_6)
FNDA:2,(anonymous_7)
FNDA:0,(anonymous_8)
DA:1,5
DA:2,5
DA:3,5
DA:4,5
DA:5,5
DA:6,5
DA:7,5
DA:9,5
DA:11,5
DA:12,5
DA:15,5
DA:18,5
DA:24,5
DA:27,33
DA:28,32
DA:29,1
DA:30,0
DA:32,1
DA:40,5
DA:41,1
DA:46,1
DA:48,0
DA:49,0
DA:54,5
DA:57,5
DA:58,2
DA:59,1
DA:60,1
DA:62,1
DA:66,5
DA:67,5
DA:70,5
DA:71,2
DA:75,5
DA:76,1
DA:77,1
DA:78,1
DA:82,5
DA:83,2
DA:87,5
DA:88,2
DA:89,1
DA:91,1
DA:92,1
DA:96,5
DA:97,1
DA:98,0
DA:102,5
LF:48
LH:44
BRDA:12,0,0,5
BRDA:12,0,1,5
BRDA:27,1,0,32
BRDA:27,1,1,1
BRDA:29,2,0,0
BRDA:29,2,1,1
BRDA:40,3,0,1
BRDA:40,3,1,4
BRDA:42,4,0,1
BRDA:42,4,1,1
BRDA:58,5,0,1
BRDA:58,5,1,1
BRDA:58,6,0,2
BRDA:58,6,1,1
BRDA:58,6,2,1
BRDA:88,7,0,1
BRDA:88,7,1,1
BRDA:92,8,0,1
BRDA:92,8,1,0
BRDA:92,9,0,1
BRDA:92,9,1,0
BRDA:96,10,0,1
BRDA:96,10,1,4
BRF:23
BRH:20
end_of_record
TN:
SF:middlewares\authMiddleware.js
FN:5,(anonymous_0)
FN:25,(anonymous_1)
FN:25,(anonymous_2)
FNF:3
FNH:3
FNDA:31,(anonymous_0)
FNDA:16,(anonymous_1)
FNDA:12,(anonymous_2)
DA:1,6
DA:2,6
DA:5,6
DA:6,31
DA:7,31
DA:8,1
DA:9,1
DA:12,30
DA:13,30
DA:14,30
DA:15,29
DA:16,29
DA:17,29
DA:19,1
DA:20,1
DA:25,16
DA:26,12
DA:27,4
DA:29,8
DA:32,6
LF:20
LH:20
BRDA:7,0,0,1
BRDA:7,0,1,30
BRDA:26,1,0,4
BRDA:26,1,1,8
BRDA:26,2,0,12
BRDA:26,2,1,12
BRF:6
BRH:6
end_of_record
TN:
SF:models\Producto.js
FNF:0
FNH:0
DA:1,5
DA:3,5
DA:12,5
LF:3
LH:3
BRF:0
BRH:0
end_of_record
TN:
SF:models\usuario.js
FNF:0
FNH:0
DA:1,6
DA:4,6
DA:12,6
DA:14,6
LF:4
LH:4
BRF:0
BRH:0
end_of_record
TN:
SF:routes\auth.js
FN:10,(anonymous_0)
FN:26,(anonymous_1)
FN:34,(anonymous_2)
FN:46,(anonymous_3)
FN:76,(anonymous_4)
FNF:5
FNH:5
FNDA:4,(anonymous_0)
FNDA:2,(anonymous_1)
FNDA:1,(anonymous_2)
FNDA:4,(anonymous_3)
FNDA:4,(anonymous_4)
DA:1,5
DA:2,5
DA:3,5
DA:4,5
DA:5,5
DA:7,5
DA:10,5
DA:11,4
DA:12,4
DA:13,1
DA:16,3
DA:17,3
DA:18,3
DA:19,2
DA:20,2
DA:22,1
DA:26,5
DA:27,2
DA:28,1
DA:30,1
DA:34,5
DA:35,1
DA:39,5
DA:47,4
DA:48,4
DA:49,1
DA:52,3
DA:53,3
DA:54,3
DA:55,3
DA:56,1
DA:59,2
DA:60,2
DA:62,1
DA:64,1
DA:70,5
DA:77,4
DA:78,4
DA:79,1
DA:82,3
DA:83,3
DA:84,3
DA:85,2
DA:86,1
DA:89,1
DA:90,1
DA:92,1
DA:97,5
LF:48
LH:48
BRDA:12,0,0,1
BRDA:12,0,1,3
BRDA:27,1,0,1
BRDA:27,1,1,1
BRDA:48,2,0,1
BRDA:48,2,1,3
BRDA:55,3,0,1
BRDA:55,3,1,2
BRDA:59,4,0,2
BRDA:59,4,1,0
BRDA:78,5,0,1
BRDA:78,5,1,3
BRDA:85,6,0,1
BRDA:85,6,1,1
BRDA:85,7,0,2
BRDA:85,7,1,1
BRF:16
BRH:15
end_of_record
TN:
SF:routes\productos.js
FN:7,(anonymous_0)
FN:24,(anonymous_1)
FN:35,(anonymous_2)
FN:51,(anonymous_3)
FNF:4
FNH:4
FNDA:3,(anonymous_0)
FNDA:3,(anonymous_1)
FNDA:2,(anonymous_2)
FNDA:2,(anonymous_3)
DA:1,5
DA:2,5
DA:3,5
DA:4,5
DA:7,5
DA:8,3
DA:9,3
DA:10,3
DA:11,1
DA:14,2
DA:15,2
DA:16,2
DA:18,0
DA:19,0
DA:24,5
DA:25,3
DA:26,3
DA:27,2
DA:29,1
DA:30,1
DA:35,5
DA:36,2
DA:37,2
DA:38,2
DA:39,1
DA:42,1
DA:43,1
DA:45,0
DA:46,0
DA:51,5
DA:52,2
DA:53,2
DA:54,2
DA:55,1
DA:58,1
DA:59,1
DA:61,0
DA:62,0
DA:66,5
LF:39
LH:33
BRDA:10,0,0,1
BRDA:10,0,1,2
BRDA:10,1,0,3
BRDA:10,1,1,2
BRDA:10,1,2,2
BRDA:10,1,3,2
BRDA:38,2,0,1
BRDA:38,2,1,1
BRDA:54,3,0,1
BRDA:54,3,1,1
BRF:10
BRH:10
end_of_record
