TN:
SF:index.js
FN:22,(anonymous_0)
FN:38,(anonymous_1)
FN:39,(anonymous_2)
FN:50,(anonymous_3)
FN:55,(anonymous_4)
FN:65,(anonymous_5)
FNF:6
FNH:3
FNDA:14,(anonymous_0)
FNDA:0,(anonymous_1)
FNDA:0,(anonymous_2)
FNDA:1,(anonymous_3)
FNDA:1,(anonymous_4)
FNDA:0,(anonymous_5)
DA:1,3
DA:2,3
DA:3,3
DA:4,3
DA:5,3
DA:6,3
DA:7,3
DA:9,3
DA:11,3
DA:12,3
DA:15,3
DA:21,3
DA:23,14
DA:24,13
DA:26,1
DA:33,3
DA:34,0
DA:38,0
DA:39,0
DA:43,3
DA:46,3
DA:47,3
DA:50,3
DA:51,1
DA:55,3
DA:56,1
DA:57,1
DA:59,0
DA:60,0
DA:64,3
DA:65,0
DA:66,0
DA:70,3
LF:33
LH:26
BRDA:12,0,0,3
BRDA:12,0,1,3
BRDA:23,1,0,13
BRDA:23,1,1,1
BRDA:23,2,0,14
BRDA:23,2,1,1
BRDA:33,3,0,0
BRDA:33,3,1,3
BRDA:34,4,0,0
BRDA:34,4,1,0
BRDA:56,5,0,1
BRDA:56,5,1,0
BRDA:60,6,0,0
BRDA:60,6,1,0
BRDA:60,7,0,0
BRDA:60,7,1,0
BRDA:64,8,0,0
BRDA:64,8,1,3
BRF:18
BRH:9
end_of_record
TN:
SF:middlewares\authMiddleware.js
FN:5,(anonymous_0)
FN:25,(anonymous_1)
FN:25,(anonymous_2)
FNF:3
FNH:3
FNDA:5,(anonymous_0)
FNDA:10,(anonymous_1)
FNDA:2,(anonymous_2)
DA:1,4
DA:2,4
DA:5,4
DA:6,5
DA:7,5
DA:8,1
DA:9,1
DA:12,4
DA:13,4
DA:14,4
DA:15,3
DA:16,3
DA:17,3
DA:19,1
DA:20,1
DA:25,10
DA:26,2
DA:27,1
DA:29,1
DA:32,4
LF:20
LH:20
BRDA:7,0,0,1
BRDA:7,0,1,4
BRDA:26,1,0,1
BRDA:26,1,1,1
BRDA:26,2,0,2
BRDA:26,2,1,2
BRF:6
BRH:6
end_of_record
TN:
SF:models\Producto.js
FNF:0
FNH:0
DA:1,4
DA:3,4
DA:12,4
LF:3
LH:3
BRF:0
BRH:0
end_of_record
TN:
SF:models\usuario.js
FNF:0
FNH:0
DA:1,4
DA:3,4
DA:10,4
LF:3
LH:3
BRF:0
BRH:0
end_of_record
TN:
SF:routes\auth.js
FN:10,(anonymous_0)
FN:26,(anonymous_1)
FN:34,(anonymous_2)
FN:46,(anonymous_3)
FN:76,(anonymous_4)
FNF:5
FNH:5
FNDA:2,(anonymous_0)
FNDA:2,(anonymous_1)
FNDA:1,(anonymous_2)
FNDA:2,(anonymous_3)
FNDA:2,(anonymous_4)
DA:1,3
DA:2,3
DA:3,3
DA:4,3
DA:5,3
DA:7,3
DA:10,3
DA:11,2
DA:12,2
DA:13,0
DA:16,2
DA:17,2
DA:18,2
DA:19,2
DA:20,2
DA:22,0
DA:26,3
DA:27,2
DA:28,1
DA:30,1
DA:34,3
DA:35,1
DA:39,3
DA:47,2
DA:48,2
DA:49,0
DA:52,2
DA:53,2
DA:54,2
DA:55,2
DA:56,1
DA:59,1
DA:60,1
DA:62,1
DA:64,0
DA:70,3
DA:77,2
DA:78,2
DA:79,0
DA:82,2
DA:83,2
DA:84,2
DA:85,2
DA:86,1
DA:89,1
DA:90,1
DA:92,0
DA:97,3
LF:48
LH:42
BRDA:12,0,0,0
BRDA:12,0,1,2
BRDA:27,1,0,1
BRDA:27,1,1,1
BRDA:48,2,0,0
BRDA:48,2,1,2
BRDA:55,3,0,1
BRDA:55,3,1,1
BRDA:59,4,0,1
BRDA:59,4,1,0
BRDA:78,5,0,0
BRDA:78,5,1,2
BRDA:85,6,0,1
BRDA:85,6,1,1
BRDA:85,7,0,2
BRDA:85,7,1,1
BRF:16
BRH:12
end_of_record
TN:
SF:routes\productos.js
FN:18,(anonymous_0)
FN:22,(anonymous_1)
FN:41,(anonymous_2)
FN:51,(anonymous_3)
FN:72,(anonymous_4)
FNF:5
FNH:0
FNDA:0,(anonymous_0)
FNDA:0,(anonymous_1)
FNDA:0,(anonymous_2)
FNDA:0,(anonymous_3)
FNDA:0,(anonymous_4)
DA:1,3
DA:2,3
DA:3,3
DA:4,3
DA:5,3
DA:6,3
DA:9,3
DA:17,3
DA:18,0
DA:22,3
DA:23,0
DA:24,0
DA:25,0
DA:28,0
DA:29,0
DA:30,0
DA:31,0
DA:36,0
DA:41,3
DA:42,0
DA:43,0
DA:44,0
DA:46,0
DA:51,3
DA:52,0
DA:53,0
DA:54,0
DA:57,0
DA:58,0
DA:59,0
DA:60,0
DA:62,0
DA:67,0
DA:72,3
DA:73,0
DA:74,0
DA:75,0
DA:78,0
DA:79,0
DA:80,0
DA:81,0
DA:83,0
DA:85,0
DA:89,3
LF:44
LH:13
BRDA:24,0,0,0
BRDA:24,0,1,0
BRDA:53,1,0,0
BRDA:53,1,1,0
BRDA:59,2,0,0
BRDA:59,2,1,0
BRDA:74,3,0,0
BRDA:74,3,1,0
BRDA:80,4,0,0
BRDA:80,4,1,0
BRF:10
BRH:0
end_of_record
